{
  "RSpec": {
    "coverage": {
      "/Users/chuanzheng/Documents/pokemon_eat/app/models/question.rb": {
        "lines": [
          1,
          1,
          1,
          null,
          38,
          null,
          null,
          1,
          null,
          null,
          null,
          null,
          2,
          2,
          2,
          2,
          null,
          null
        ]
      },
      "/Users/chuanzheng/Documents/pokemon_eat/spec/models/review_spec.rb": {
        "lines": [
          1,
          null,
          1,
          1,
          null
        ]
      },
      "/Users/chuanzheng/Documents/pokemon_eat/app/models/review.rb": {
        "lines": [
          1,
          null,
          1,
          1,
          1,
          1,
          null,
          1,
          null,
          null,
          62,
          62,
          62,
          62,
          62,
          34,
          null,
          null,
          62,
          null,
          null,
          null
        ]
      },
      "/Users/chuanzheng/Documents/pokemon_eat/spec/models/user_spec.rb": {
        "lines": [
          1,
          null,
          1,
          1,
          null,
          null,
          1,
          1,
          1,
          1,
          1,
          null,
          1,
          1,
          1,
          null,
          1,
          1,
          1,
          null,
          null,
          null,
          null
        ]
      },
      "/Users/chuanzheng/Documents/pokemon_eat/app/models/user.rb": {
        "lines": [
          1,
          1,
          1,
          1,
          null,
          1,
          17,
          17,
          null,
          null,
          null
        ]
      },
      "/Users/chuanzheng/Documents/pokemon_eat/spec/requests/businesses_request_spec.rb": {
        "lines": [
          1,
          null,
          1,
          1,
          6,
          6,
          null,
          null,
          1,
          1,
          1,
          null,
          null,
          1,
          1,
          1,
          null,
          null,
          1,
          1,
          1,
          null,
          null,
          1,
          1,
          1,
          null,
          null,
          1,
          1,
          1,
          null,
          null,
          1,
          1,
          1,
          null,
          null,
          null
        ]
      },
      "/Users/chuanzheng/Documents/pokemon_eat/spec/requests/users_request_spec.rb": {
        "lines": [
          1,
          null,
          null,
          1,
          null,
          1,
          1,
          1,
          1,
          1,
          1,
          null,
          null,
          1,
          1,
          1,
          1,
          null,
          null,
          1,
          1,
          1,
          1,
          null,
          null,
          1,
          1,
          1,
          1,
          1,
          null,
          null,
          1,
          1,
          1,
          1,
          null,
          null,
          null,
          null,
          null,
          null,
          null,
          1,
          null,
          1,
          1,
          1,
          1,
          1,
          1,
          1,
          1,
          1,
          1,
          1,
          null,
          null,
          1,
          1,
          1,
          1,
          null,
          null,
          1,
          1,
          1,
          1,
          1,
          null,
          null,
          1,
          1,
          1,
          1,
          null,
          null,
          1,
          1,
          1,
          1,
          null,
          null,
          1,
          1,
          1,
          1,
          1,
          null,
          null,
          1,
          1,
          1,
          1,
          1,
          1,
          null,
          null,
          null,
          null,
          null,
          null,
          null,
          1,
          null,
          1,
          4,
          4,
          4,
          null,
          null,
          1,
          1,
          1,
          1,
          1,
          null,
          null,
          1,
          1,
          1,
          1,
          null,
          null,
          1,
          1,
          1,
          1,
          null,
          null,
          1,
          1,
          1,
          1,
          null,
          null,
          null,
          null,
          null,
          null,
          null,
          1,
          null,
          1,
          1,
          1,
          1,
          1,
          1,
          1,
          1,
          null,
          null,
          1,
          1,
          1,
          1,
          1,
          1,
          null,
          null,
          null,
          null,
          null,
          null,
          null,
          1,
          null,
          1,
          2,
          2,
          2,
          null,
          null,
          1,
          1,
          1,
          null,
          null,
          1,
          1,
          1,
          null,
          null,
          null,
          null,
          null,
          null,
          null,
          null,
          1,
          1,
          2,
          2,
          2,
          null,
          null,
          1,
          1,
          1,
          1,
          null,
          null,
          1,
          1,
          1,
          1,
          1,
          1,
          1,
          1,
          1,
          1,
          null,
          null,
          null,
          null,
          null,
          null,
          null,
          null,
          null,
          1,
          1,
          6,
          6,
          6,
          6,
          6,
          6,
          6,
          6,
          6,
          6,
          6,
          6,
          6,
          6,
          null,
          null,
          1,
          1,
          1,
          1,
          1,
          1,
          1,
          1,
          null,
          null,
          1,
          1,
          1,
          1,
          null,
          null,
          1,
          1,
          1,
          1,
          1,
          1,
          1,
          null,
          null,
          1,
          1,
          1,
          1,
          1,
          1,
          1,
          1,
          null,
          null,
          1,
          1,
          1,
          1,
          1,
          1,
          1,
          1,
          null,
          null,
          1,
          1,
          1,
          1,
          null,
          null,
          null,
          1,
          1,
          4,
          4,
          4,
          4,
          4,
          4,
          4,
          4,
          4,
          4,
          4,
          4,
          4,
          4,
          4,
          4,
          4,
          4,
          null,
          null,
          1,
          1,
          1,
          null,
          null,
          1,
          1,
          1,
          1,
          1,
          1,
          null,
          null,
          1,
          1,
          1,
          1,
          1,
          1,
          1,
          null,
          null,
          1,
          1,
          1,
          1,
          1,
          null,
          null,
          null,
          null,
          1,
          1,
          4,
          4,
          4,
          4,
          4,
          4,
          4,
          4,
          4,
          4,
          null,
          null,
          1,
          null,
          1,
          1,
          1,
          1,
          null,
          null,
          1,
          null,
          1,
          1,
          1,
          1,
          1,
          1,
          1,
          null,
          null,
          1,
          null,
          1,
          1,
          1,
          1,
          1,
          1,
          1,
          null,
          null,
          1,
          1,
          1,
          null,
          null,
          null,
          null,
          1,
          1,
          4,
          4,
          4,
          null,
          null,
          1,
          1,
          1,
          1,
          1,
          1,
          1,
          null,
          null,
          1,
          1,
          1,
          1,
          1,
          1,
          null,
          null,
          1,
          1,
          1,
          1,
          1,
          null,
          null,
          1,
          1,
          1,
          1,
          1,
          1,
          1,
          1,
          null,
          null,
          null,
          null,
          1,
          1,
          1,
          1,
          1,
          1,
          1,
          1,
          null,
          null,
          1,
          1,
          1,
          null,
          null,
          null,
          1,
          1,
          2,
          2,
          2,
          2,
          2,
          2,
          null,
          null,
          1,
          1,
          1,
          null,
          null,
          1,
          1,
          1,
          1,
          1,
          null,
          null,
          null,
          1,
          1,
          1,
          1,
          1,
          1,
          null,
          null,
          1,
          1,
          1,
          1,
          null,
          null,
          null,
          null,
          null,
          null
        ]
      },
      "/Users/chuanzheng/Documents/pokemon_eat/app/controllers/application_controller.rb": {
        "lines": [
          1,
          null
        ]
      },
      "/Users/chuanzheng/Documents/pokemon_eat/app/controllers/users_controller.rb": {
        "lines": [
          1,
          1,
          1,
          1,
          null,
          null,
          1,
          null,
          1,
          1,
          1,
          1,
          1,
          null,
          1,
          null,
          null,
          null,
          null,
          1,
          1,
          1,
          null,
          null,
          1,
          null,
          null,
          1,
          2,
          2,
          2,
          2,
          null,
          null,
          1,
          null,
          null,
          null,
          38,
          38,
          null,
          null,
          null,
          null,
          38,
          38,
          38,
          38,
          153,
          null,
          38,
          38,
          38,
          38,
          38,
          15,
          null,
          null,
          38,
          38,
          null,
          null,
          null,
          null,
          null,
          1,
          null,
          null,
          null,
          17,
          17,
          17,
          null,
          17,
          17,
          13,
          null,
          null,
          17,
          17,
          17,
          12,
          12,
          12,
          null,
          null,
          null,
          17,
          17,
          17,
          12,
          null,
          null,
          85,
          17,
          null,
          17,
          17,
          17,
          12,
          12,
          null,
          null,
          null,
          null,
          17,
          null,
          null,
          null,
          null,
          null,
          1,
          null,
          3,
          3,
          1,
          1,
          1,
          1,
          1,
          1,
          1,
          1,
          1,
          null,
          null,
          null,
          null,
          null,
          null,
          1,
          null,
          null,
          4,
          4,
          4,
          4,
          4,
          4,
          4,
          null,
          null,
          4,
          4,
          4,
          2,
          null,
          2,
          null,
          null,
          4,
          4,
          2,
          2,
          null,
          2,
          null,
          null,
          null,
          null,
          null,
          null,
          1,
          null,
          null,
          null,
          null,
          null,
          null,
          null,
          null,
          2,
          2,
          2,
          2,
          2,
          2,
          2,
          2,
          1,
          null,
          1,
          null,
          null,
          2,
          2,
          5,
          1,
          1,
          null,
          2,
          null,
          null,
          null,
          null,
          null,
          1,
          null,
          null,
          null,
          null,
          43,
          43,
          43,
          43,
          43,
          1,
          42,
          1,
          null,
          null,
          43,
          1,
          42,
          1,
          null,
          43,
          39,
          39,
          null,
          4,
          null,
          null,
          null,
          null,
          null,
          null,
          1,
          null,
          null,
          null,
          null,
          null,
          null,
          8,
          8,
          8,
          8,
          8,
          8,
          null,
          8,
          1,
          null,
          null,
          8,
          1,
          null,
          null,
          8,
          1,
          null,
          null,
          8,
          2,
          null,
          null,
          8,
          4,
          null,
          null,
          8,
          1,
          null,
          null,
          8,
          1,
          null,
          null,
          8,
          7,
          null,
          1,
          1,
          1,
          1,
          null,
          null,
          null,
          null,
          null,
          null,
          1,
          null,
          null,
          null,
          2,
          2,
          2,
          12,
          2,
          null,
          null,
          2,
          null,
          null,
          null,
          null,
          1,
          7,
          7,
          7,
          7,
          7,
          null,
          7,
          7,
          6,
          null,
          null,
          7,
          7,
          7,
          5,
          5,
          5,
          null,
          null,
          null,
          7,
          7,
          7,
          5,
          null,
          null,
          19,
          7,
          null,
          7,
          7,
          7,
          5,
          5,
          null,
          null,
          null,
          null,
          7,
          null,
          null,
          null,
          1,
          1,
          1,
          1,
          1,
          null,
          null,
          null,
          null,
          null,
          1,
          1,
          40,
          null,
          null,
          1,
          78,
          null,
          null,
          1,
          null,
          null,
          38,
          null,
          null,
          1,
          null,
          null,
          1,
          null,
          1,
          1,
          1,
          null,
          null,
          1,
          41,
          null,
          41,
          null,
          null,
          null,
          41,
          41,
          41,
          41,
          null,
          null,
          1,
          68,
          68,
          68,
          null,
          null,
          null,
          null,
          null,
          null,
          null,
          null,
          null,
          1,
          null,
          17,
          17,
          17,
          17,
          null,
          null,
          1,
          null,
          38,
          null,
          38,
          null,
          null,
          38,
          38,
          38,
          38,
          null,
          null,
          null,
          null,
          null,
          null,
          null,
          null,
          1,
          68,
          68,
          68,
          68,
          null,
          null,
          null,
          null,
          null,
          1,
          2,
          2,
          2,
          2,
          null,
          0,
          null,
          null,
          null
        ]
      },
      "/Users/chuanzheng/Documents/pokemon_eat/app/controllers/businesses_controller.rb": {
        "lines": [
          1,
          null,
          1,
          1,
          1,
          1,
          1,
          null,
          1,
          null,
          null,
          null,
          null,
          1,
          1,
          null,
          null,
          1,
          null,
          9,
          9,
          9,
          9,
          9,
          9,
          9,
          9,
          17,
          17,
          17,
          null,
          9,
          9,
          null,
          null,
          1,
          null,
          null,
          null,
          null,
          4,
          4,
          4,
          4,
          3,
          3,
          3,
          3,
          null,
          null,
          null,
          1,
          null,
          3,
          3,
          3,
          3,
          3,
          1,
          null,
          2,
          null,
          3,
          3,
          null,
          null,
          1,
          null,
          null,
          6,
          6,
          6,
          6,
          6,
          6,
          null,
          null,
          1,
          2,
          2,
          2,
          2,
          2,
          2,
          2,
          null,
          null,
          1,
          2,
          2,
          2,
          2,
          null,
          null,
          null,
          null,
          1,
          1,
          15,
          15,
          14,
          null,
          1,
          1,
          1,
          1,
          1,
          null,
          null,
          null,
          1,
          null,
          3,
          null,
          3,
          null,
          null,
          3,
          3,
          3,
          3,
          null,
          null,
          1,
          6,
          6,
          5,
          null,
          1,
          1,
          1,
          1,
          1,
          null,
          null,
          null,
          1,
          22,
          null,
          null,
          1,
          2,
          2,
          2,
          2,
          2,
          null,
          0,
          null,
          null,
          null,
          null,
          1,
          1,
          null,
          null,
          1,
          15,
          14,
          14,
          14,
          null,
          null,
          null,
          null,
          null,
          1,
          1,
          null,
          null,
          1,
          6,
          5,
          5,
          5,
          null,
          null,
          null,
          null,
          null
        ]
      }
    },
    "timestamp": 1619055767
  }
}
