{
  "RSpec": {
    "coverage": {
      "D:/pokemon_eat/app/models/question.rb": {
        "lines": [
          1,
          1,
          1,
          null,
          14,
          null,
          null,
          1,
          null,
          null,
          null,
          null,
          2,
          2,
          2,
          2,
          null,
          null
        ]
      },
      "D:/pokemon_eat/spec/models/review_spec.rb": {
        "lines": [
          1,
          null,
          1,
          1,
          null
        ]
      },
      "D:/pokemon_eat/app/models/review.rb": {
        "lines": [
          1,
          null,
          1,
          1,
          1,
          1,
          null,
          1,
          null,
          null,
          17,
          17,
          17,
          17,
          17,
          1,
          null,
          null,
          17,
          null,
          null,
          null
        ]
      },
      "D:/pokemon_eat/spec/models/user_spec.rb": {
        "lines": [
          1,
          null,
          1,
          1,
          null,
          null,
          1,
          1,
          1,
          1,
          1,
          null,
          1,
          1,
          1,
          null,
          1,
          1,
          1,
          null,
          null,
          null,
          null
        ]
      },
      "D:/pokemon_eat/app/models/user.rb": {
        "lines": [
          1,
          1,
          1,
          1,
          null,
          1,
          0,
          0,
          null,
          null,
          null
        ]
      },
      "D:/pokemon_eat/spec/requests/businesses_request_spec.rb": {
        "lines": [
          1,
          null,
          1,
          1,
          6,
          6,
          null,
          null,
          1,
          1,
          1,
          null,
          null,
          1,
          1,
          1,
          null,
          null,
          1,
          1,
          1,
          null,
          null,
          1,
          1,
          1,
          null,
          null,
          1,
          1,
          1,
          null,
          null,
          1,
          1,
          1,
          null,
          null,
          null
        ]
      },
      "D:/pokemon_eat/spec/requests/users_request_spec.rb": {
        "lines": [
          1,
          null,
          null,
          null,
          1,
          null,
          1,
          1,
          1,
          1,
          1,
          1,
          null,
          null,
          1,
          1,
          1,
          1,
          null,
          null,
          1,
          1,
          1,
          1,
          null,
          null,
          1,
          1,
          1,
          1,
          1,
          null,
          null,
          1,
          1,
          1,
          1,
          null,
          null,
          null,
          null,
          null,
          null,
          null,
          1,
          null,
          1,
          1,
          1,
          1,
          1,
          1,
          1,
          1,
          1,
          1,
          1,
          null,
          null,
          1,
          1,
          1,
          1,
          null,
          null,
          1,
          1,
          1,
          1,
          1,
          null,
          null,
          1,
          1,
          1,
          1,
          null,
          null,
          1,
          1,
          1,
          1,
          null,
          null,
          1,
          1,
          1,
          1,
          1,
          null,
          null,
          1,
          1,
          1,
          1,
          1,
          1,
          null,
          null,
          null,
          null,
          null,
          null,
          null,
          1,
          null,
          1,
          4,
          4,
          4,
          null,
          null,
          1,
          1,
          1,
          1,
          1,
          null,
          null,
          1,
          1,
          1,
          1,
          null,
          null,
          1,
          1,
          1,
          1,
          null,
          null,
          1,
          1,
          1,
          1,
          null,
          null,
          null,
          null,
          null,
          null,
          null,
          1,
          null,
          1,
          1,
          1,
          1,
          1,
          1,
          1,
          1,
          null,
          null,
          1,
          1,
          1,
          1,
          1,
          1,
          null,
          null,
          null,
          null,
          null,
          null,
          null,
          1,
          null,
          1,
          2,
          2,
          2,
          null,
          null,
          1,
          1,
          1,
          null,
          null,
          1,
          1,
          1,
          null,
          null,
          null,
          null,
          null,
          null,
          null,
          1,
          null,
          1,
          2,
          2,
          2,
          null,
          null,
          1,
          1,
          1,
          1,
          null,
          null,
          1,
          1,
          1,
          1,
          1,
          1,
          1,
          1,
          1,
          0,
          null,
          null,
          null,
          null,
          null
        ]
      },
      "D:/pokemon_eat/app/controllers/application_controller.rb": {
        "lines": [
          1,
          null
        ]
      },
      "D:/pokemon_eat/app/controllers/users_controller.rb": {
        "lines": [
          1,
          1,
          1,
          1,
          null,
          null,
          1,
          null,
          1,
          1,
          1,
          1,
          1,
          null,
          1,
          null,
          null,
          null,
          null,
          1,
          1,
          1,
          null,
          null,
          1,
          null,
          null,
          1,
          1,
          1,
          1,
          1,
          null,
          null,
          1,
          null,
          null,
          null,
          14,
          14,
          null,
          null,
          null,
          null,
          14,
          null,
          null,
          null,
          14,
          14,
          14,
          63,
          null,
          14,
          null,
          null,
          null,
          14,
          14,
          14,
          14,
          1,
          null,
          null,
          14,
          14,
          null,
          null,
          null,
          null,
          null,
          1,
          null,
          null,
          null,
          3,
          3,
          3,
          null,
          3,
          3,
          0,
          null,
          null,
          3,
          3,
          3,
          0,
          0,
          0,
          null,
          null,
          null,
          3,
          3,
          3,
          0,
          null,
          null,
          9,
          3,
          null,
          3,
          3,
          3,
          0,
          0,
          null,
          null,
          null,
          null,
          3,
          null,
          null,
          null,
          null,
          null,
          1,
          null,
          2,
          2,
          0,
          0,
          0,
          0,
          0,
          0,
          0,
          0,
          0,
          null,
          null,
          null,
          null,
          null,
          null,
          1,
          null,
          null,
          4,
          4,
          4,
          4,
          4,
          4,
          4,
          null,
          null,
          4,
          4,
          4,
          2,
          null,
          2,
          null,
          null,
          4,
          4,
          2,
          2,
          null,
          2,
          null,
          null,
          null,
          null,
          null,
          null,
          1,
          null,
          null,
          null,
          null,
          null,
          null,
          null,
          null,
          2,
          2,
          2,
          2,
          2,
          2,
          2,
          2,
          1,
          null,
          1,
          null,
          null,
          2,
          2,
          3,
          1,
          1,
          null,
          2,
          null,
          null,
          null,
          null,
          null,
          1,
          null,
          null,
          null,
          null,
          21,
          21,
          21,
          21,
          21,
          1,
          20,
          1,
          null,
          null,
          21,
          1,
          20,
          1,
          null,
          21,
          17,
          17,
          null,
          4,
          null,
          null,
          null,
          null,
          null,
          null,
          1,
          null,
          null,
          null,
          null,
          null,
          null,
          8,
          8,
          8,
          8,
          8,
          8,
          null,
          8,
          1,
          null,
          null,
          8,
          1,
          null,
          null,
          8,
          1,
          null,
          null,
          8,
          2,
          null,
          null,
          8,
          4,
          null,
          null,
          8,
          1,
          null,
          null,
          8,
          1,
          null,
          null,
          8,
          7,
          null,
          1,
          1,
          1,
          1,
          null,
          null,
          null,
          null,
          null,
          null,
          1,
          null,
          null,
          null,
          1,
          1,
          1,
          6,
          6,
          0,
          null,
          null,
          1,
          null,
          null,
          null,
          null,
          1,
          0,
          0,
          0,
          0,
          0,
          null,
          0,
          0,
          0,
          null,
          null,
          0,
          0,
          0,
          0,
          0,
          0,
          null,
          null,
          null,
          0,
          0,
          0,
          0,
          null,
          null,
          0,
          0,
          null,
          0,
          0,
          0,
          0,
          0,
          null,
          null,
          null,
          null,
          0,
          null,
          null,
          null,
          1,
          0,
          0,
          0,
          0,
          null,
          null,
          null,
          null,
          null,
          1,
          1,
          18,
          null,
          null,
          1,
          28,
          null,
          null,
          1,
          null,
          null,
          14,
          null,
          null,
          1,
          null,
          null,
          1,
          null,
          1,
          1,
          1,
          null,
          null,
          1,
          17,
          null,
          17,
          null,
          null,
          null,
          17,
          17,
          17,
          17,
          null,
          null,
          1,
          1,
          1,
          1,
          null,
          0,
          0,
          0,
          0,
          0,
          null,
          null,
          null,
          1,
          null,
          0,
          0,
          0,
          0,
          null,
          null,
          1,
          null,
          14,
          null,
          14,
          null,
          null,
          14,
          14,
          14,
          14,
          null,
          null,
          1,
          0,
          0,
          null,
          null,
          null,
          1,
          1,
          1,
          1,
          1,
          null,
          null,
          null,
          null,
          null,
          1,
          0,
          0,
          null,
          null,
          null,
          1,
          0,
          0,
          0,
          0,
          null,
          null,
          null,
          null,
          null,
          1,
          0,
          0,
          0,
          0,
          null,
          0,
          null,
          null,
          null
        ]
      },
      "D:/pokemon_eat/app/controllers/businesses_controller.rb": {
        "lines": [
          1,
          null,
          1,
          1,
          1,
          1,
          1,
          null,
          1,
          null,
          null,
          null,
          null,
          1,
          1,
          null,
          null,
          1,
          null,
          1,
          1,
          1,
          1,
          1,
          1,
          1,
          1,
          0,
          0,
          0,
          null,
          1,
          1,
          null,
          null,
          1,
          null,
          null,
          null,
          null,
          3,
          3,
          3,
          3,
          2,
          2,
          2,
          2,
          null,
          null,
          null,
          1,
          null,
          2,
          2,
          2,
          2,
          2,
          1,
          null,
          1,
          null,
          2,
          2,
          null,
          null,
          1,
          null,
          null,
          1,
          1,
          1,
          1,
          1,
          null,
          null,
          null,
          1,
          null,
          null,
          1,
          0,
          0,
          0,
          0,
          0,
          0,
          0,
          null,
          null,
          1,
          0,
          0,
          0,
          0,
          null,
          null,
          null,
          null,
          1,
          1,
          4,
          4,
          4,
          null,
          0,
          0,
          0,
          0,
          0,
          null,
          null,
          null,
          1,
          null,
          2,
          null,
          2,
          null,
          null,
          2,
          2,
          2,
          2,
          null,
          null,
          1,
          1,
          1,
          1,
          null,
          0,
          0,
          0,
          0,
          0,
          null,
          null,
          null,
          1,
          4,
          null,
          null,
          1,
          0,
          0,
          0,
          0,
          0,
          null,
          0,
          null,
          null,
          null,
          null,
          1,
          0,
          null,
          null,
          1,
          4,
          4,
          4,
          4,
          null,
          null,
          null,
          null,
          null,
          1,
          0,
          null,
          null,
          1,
          1,
          1,
          1,
          1,
          null,
          null,
          null,
          null,
          null
        ]
      }
    },
    "timestamp": 1618596027
  }
}
